<?xml version="1.0" encoding="UTF-8"?>
<!-- Generated by org.testng.reporters.JUnitReportReporter -->
<testsuite hostname="LAPTOP-K5FPFD11" name="com.salesoptimize.landingpage.HomeMenuTest" tests="1" failures="0" timestamp="15 Mar 2021 22:07:31 GMT" time="1.103" errors="0">
  <testcase name="HomeMenu" time="1.103" classname="com.salesoptimize.landingpage.HomeMenuTest"/>
</testsuite> <!-- com.salesoptimize.landingpage.HomeMenuTest -->
