<?xml version="1.0" encoding="UTF-8"?>
<!-- Generated by org.testng.reporters.JUnitReportReporter -->
<testsuite hostname="LAPTOP-K5FPFD11" name="com.salesoptimize.landingpage.LoginSalesOptimizeTest" tests="1" failures="0" timestamp="17 Mar 2021 19:03:59 GMT" time="4.820" errors="0">
  <testcase name="LoginSalesOptimize" time="4.820" classname="com.salesoptimize.landingpage.LoginSalesOptimizeTest"/>
</testsuite> <!-- com.salesoptimize.landingpage.LoginSalesOptimizeTest -->
