<?xml version="1.0" encoding="UTF-8"?>
<!-- Generated by org.testng.reporters.JUnitReportReporter -->
<testsuite hostname="LAPTOP-K5FPFD11" failures="0" tests="1" name="com.salesoptimize.landingpage.LoginSalesOptimizeTest" time="3.066" errors="1" timestamp="13 Mar 2021 05:52:46 GMT">
  <testcase classname="com.salesoptimize.landingpage.LoginSalesOptimizeTest" name="LoginSalesOptimize" time="3.066">
    <error message="java.lang.NullPointerException: Cannot invoke &quot;String.split(String)&quot; because &quot;objecttypeandvalues&quot; is null" type="java.lang.RuntimeException">
      <![CDATA[java.lang.RuntimeException: java.lang.NullPointerException: Cannot invoke "String.split(String)" because "objecttypeandvalues" is null
	at com.salesoptimize.landingpage.LoginSalesOptimizeTest.LoginSalesOptimize(LoginSalesOptimizeTest.java:21)
	at java.base/jdk.internal.reflect.NativeMethodAccessorImpl.invoke0(Native Method)
	at java.base/jdk.internal.reflect.NativeMethodAccessorImpl.invoke(NativeMethodAccessorImpl.java:64)
	at java.base/jdk.internal.reflect.DelegatingMethodAccessorImpl.invoke(DelegatingMethodAccessorImpl.java:43)
	at java.base/java.lang.reflect.Method.invoke(Method.java:564)
	at org.testng.internal.MethodInvocationHelper.invokeMethod(MethodInvocationHelper.java:86)
	at org.testng.internal.Invoker.invokeMethod(Invoker.java:645)
	at org.testng.internal.Invoker.invokeTestMethod(Invoker.java:822)
	at org.testng.internal.Invoker.invokeTestMethods(Invoker.java:1130)
	at org.testng.internal.TestMethodWorker.invokeTestMethods(TestMethodWorker.java:129)
	at org.testng.internal.TestMethodWorker.run(TestMethodWorker.java:112)
	at org.testng.TestRunner.privateRun(TestRunner.java:782)
	at org.testng.TestRunner.run(TestRunner.java:632)
	at org.testng.SuiteRunner.runTest(SuiteRunner.java:366)
	at org.testng.SuiteRunner.runSequentially(SuiteRunner.java:361)
	at org.testng.SuiteRunner.privateRun(SuiteRunner.java:319)
	at org.testng.SuiteRunner.run(SuiteRunner.java:268)
	at org.testng.SuiteRunnerWorker.runSuite(SuiteRunnerWorker.java:52)
	at org.testng.SuiteRunnerWorker.run(SuiteRunnerWorker.java:86)
	at org.testng.TestNG.runSuitesSequentially(TestNG.java:1244)
	at org.testng.TestNG.runSuitesSequentially(TestNG.java:1240)
	at org.testng.TestNG.runSuitesLocally(TestNG.java:1169)
	at org.testng.TestNG.run(TestNG.java:1064)
	at org.testng.remote.RemoteTestNG.run(RemoteTestNG.java:113)
	at org.testng.remote.RemoteTestNG.initAndRun(RemoteTestNG.java:206)
	at org.testng.remote.RemoteTestNG.main(RemoteTestNG.java:177)
Caused by: java.lang.NullPointerException: Cannot invoke "String.split(String)" because "objecttypeandvalues" is null
	at com.salesoptimize.utility.CommonMethod.findElement(CommonMethod.java:60)
	at com.salesoptimize.utility.CommonMethod.clear(CommonMethod.java:260)
	at com.salesoptimize.reusablemethods.ReusableMethodsLogin.fillLoginDetails(ReusableMethodsLogin.java:30)
	at com.salesoptimize.reusablemethods.ReusableMethodsLogin.login(ReusableMethodsLogin.java:70)
	at com.salesoptimize.landingpage.LoginSalesOptimizeTest.LoginSalesOptimize(LoginSalesOptimizeTest.java:18)
	... 25 more
]]>
    </error>
  </testcase> <!-- LoginSalesOptimize -->
</testsuite> <!-- com.salesoptimize.landingpage.LoginSalesOptimizeTest -->
