<?xml version="1.0" encoding="UTF-8"?>
<!-- Generated by org.testng.reporters.JUnitReportReporter -->
<testsuite hostname="LAPTOP-K5FPFD11" failures="0" tests="1" name="com.salesoptimize.landingpage.HomeMenuTest" time="2.606" errors="0" timestamp="13 Mar 2021 05:52:46 GMT">
  <testcase classname="com.salesoptimize.landingpage.HomeMenuTest" name="HomeMenu" time="2.606"/>
</testsuite> <!-- com.salesoptimize.landingpage.HomeMenuTest -->
