<?xml version="1.0" encoding="UTF-8"?>
<!-- Generated by org.testng.reporters.JUnitReportReporter -->
<testsuite hostname="LAPTOP-K5FPFD11" name="com.salesoptimize.landingpage.SelectCompanyTurnover1AndAboveTest" tests="1" failures="0" timestamp="17 Mar 2021 19:03:59 GMT" time="10.734" errors="0">
  <testcase name="SelectCompanyTurnover1AndAbove" time="10.734" classname="com.salesoptimize.landingpage.SelectCompanyTurnover1AndAboveTest"/>
</testsuite> <!-- com.salesoptimize.landingpage.SelectCompanyTurnover1AndAboveTest -->
