<?xml version="1.0" encoding="UTF-8"?>
<!-- Generated by org.testng.reporters.JUnitReportReporter -->
<testsuite hostname="LAPTOP-K5FPFD11" name="com.salesoptimize.landingpage.SelectBusinessCountryTest" tests="1" failures="0" timestamp="17 Mar 2021 19:03:59 GMT" time="7.314" errors="0">
  <testcase name="SelectBusinessCountry" time="7.314" classname="com.salesoptimize.landingpage.SelectBusinessCountryTest"/>
</testsuite> <!-- com.salesoptimize.landingpage.SelectBusinessCountryTest -->
