<?xml version="1.0" encoding="UTF-8"?>
<!-- Generated by org.testng.reporters.JUnitReportReporter -->
<testsuite hostname="LAPTOP-K5FPFD11" name="com.salesoptimize.landingpage.SearchButtonAndCaptureResultTest" tests="1" failures="0" timestamp="17 Mar 2021 19:03:59 GMT" time="4.474" errors="0">
  <testcase name="SearchButtonAndCaptureResult" time="4.474" classname="com.salesoptimize.landingpage.SearchButtonAndCaptureResultTest"/>
</testsuite> <!-- com.salesoptimize.landingpage.SearchButtonAndCaptureResultTest -->
