<?xml version="1.0" encoding="UTF-8"?>
<!-- Generated by org.testng.reporters.JUnitReportReporter -->
<testsuite skipped="0" hostname="Sauravs-MacBook-Air.local" name="com.salesoptimize.landingpage.SearchButtonAndCaptureResultTest" tests="1" failures="0" timestamp="18 Mar 2021 14:08:23 GMT" time="2.679" errors="0">
  <testcase name="SearchButtonAndCaptureResult" time="2.679" classname="com.salesoptimize.landingpage.SearchButtonAndCaptureResultTest"/>
</testsuite> <!-- com.salesoptimize.landingpage.SearchButtonAndCaptureResultTest -->
