<?xml version="1.0" encoding="UTF-8"?>
<!-- Generated by org.testng.reporters.JUnitReportReporter -->
<testsuite skipped="0" hostname="Sauravs-MacBook-Air.local" name="com.salesoptimize.landingpage.SelectIndustryRetailAndFashiClothingTest" tests="1" failures="0" timestamp="18 Mar 2021 14:08:18 GMT" time="2.746" errors="0">
  <testcase name="SelectIndustryRetailAndFashiClothing" time="2.746" classname="com.salesoptimize.landingpage.SelectIndustryRetailAndFashiClothingTest"/>
</testsuite> <!-- com.salesoptimize.landingpage.SelectIndustryRetailAndFashiClothingTest -->
