<?xml version="1.0" encoding="UTF-8"?>
<!-- Generated by org.testng.reporters.JUnitReportReporter -->
<testsuite skipped="0" hostname="Sauravs-MacBook-Air.local" name="com.salesoptimize.landingpage.SelectBusinessCountryTest" tests="1" failures="0" timestamp="18 Mar 2021 14:08:08 GMT" time="1.969" errors="0">
  <testcase name="SelectBusinessCountry" time="1.969" classname="com.salesoptimize.landingpage.SelectBusinessCountryTest"/>
</testsuite> <!-- com.salesoptimize.landingpage.SelectBusinessCountryTest -->
