<?xml version="1.0" encoding="UTF-8"?>
<!-- Generated by org.testng.reporters.JUnitReportReporter -->
<testsuite skipped="0" hostname="Sauravs-MacBook-Air.local" name="com.salesoptimize.landingpage.LoginSalesOptimizeTest" tests="1" failures="0" timestamp="18 Mar 2021 14:08:03 GMT" time="3.747" errors="0">
  <testcase name="LoginSalesOptimize" time="3.747" classname="com.salesoptimize.landingpage.LoginSalesOptimizeTest"/>
</testsuite> <!-- com.salesoptimize.landingpage.LoginSalesOptimizeTest -->
