<?xml version="1.0" encoding="UTF-8"?>
<!-- Generated by org.testng.reporters.JUnitReportReporter -->
<testsuite skipped="0" hostname="Sauravs-MacBook-Air.local" name="com.salesoptimize.landingpage.FirstRecordCaptureDetailTest" tests="1" failures="0" timestamp="18 Mar 2021 14:08:28 GMT" time="11.475" errors="0">
  <testcase name="FirstRecordCaptureDetail" time="11.475" classname="com.salesoptimize.landingpage.FirstRecordCaptureDetailTest"/>
</testsuite> <!-- com.salesoptimize.landingpage.FirstRecordCaptureDetailTest -->
