<?xml version="1.0" encoding="UTF-8"?>
<!-- Generated by org.testng.reporters.JUnitReportReporter -->
<testsuite skipped="0" hostname="Sauravs-MacBook-Air.local" name="com.salesoptimize.landingpage.SelectCompanyTurnover1AndAboveTest" tests="1" failures="0" timestamp="18 Mar 2021 14:08:13 GMT" time="2.658" errors="0">
  <testcase name="SelectCompanyTurnover1AndAbove" time="2.658" classname="com.salesoptimize.landingpage.SelectCompanyTurnover1AndAboveTest"/>
</testsuite> <!-- com.salesoptimize.landingpage.SelectCompanyTurnover1AndAboveTest -->
